2024-03-14 10:41:18,252 DEBUG    root            Loaded Command Group: ['gcloud', 'init']
2024-03-14 10:41:18,253 DEBUG    root            Running [gcloud.init] with arguments: []
2024-03-14 10:41:18,253 INFO     ___FILE_ONLY___ Welcome! This command will take you through the configuration of gcloud.


2024-03-14 10:41:18,254 INFO     ___FILE_ONLY___ Your current configuration has been set to: [default]


2024-03-14 10:41:18,254 INFO     ___FILE_ONLY___ You can skip diagnostics next time by using the following flag:

2024-03-14 10:41:18,254 INFO     ___FILE_ONLY___   gcloud init --skip-diagnostics


2024-03-14 10:41:18,254 INFO     ___FILE_ONLY___ Network diagnostic detects and fixes local network connection issues.

2024-03-14 10:41:18,254 INFO     ___FILE_ONLY___ Checking network connection...
2024-03-14 10:41:21,776 DEBUG    urllib3.connectionpool Starting new HTTPS connection (1): accounts.google.com:443
2024-03-14 10:41:22,141 DEBUG    urllib3.connectionpool https://accounts.google.com:443 "GET / HTTP/1.1" 302 338
2024-03-14 10:41:22,251 DEBUG    urllib3.connectionpool https://accounts.google.com:443 "GET /ServiceLogin?passive=1209600&continue=https%3A%2F%2Faccounts.google.com%2F&followup=https%3A%2F%2Faccounts.google.com%2F HTTP/1.1" 302 0
2024-03-14 10:41:22,613 DEBUG    urllib3.connectionpool https://accounts.google.com:443 "GET /InteractiveLogin?continue=https://accounts.google.com/&followup=https://accounts.google.com/&passive=1209600&ifkv=ATuJsjxT6NYziF-5Bf4PzZFfk_gtyit9JzOB8gtAGjmYZnuy42-aFkd-bzm6NuBPYyDfcG3tsENy HTTP/1.1" 302 527
2024-03-14 10:41:22,776 DEBUG    urllib3.connectionpool https://accounts.google.com:443 "GET /v3/signin/identifier?continue=https%3A%2F%2Faccounts.google.com%2F&followup=https%3A%2F%2Faccounts.google.com%2F&ifkv=ATuJsjyALXzypKrgvVXzVqSLAkMXkWdwvT_ZUn9xlgrRrLHh24UAKof-UdoenzXw_0brVHVlsgXong&passive=1209600&flowName=WebLiteSignIn&flowEntry=ServiceLogin&dsh=S1862566303%3A1710423682547874 HTTP/1.1" 200 None
2024-03-14 10:41:22,902 DEBUG    urllib3.connectionpool Starting new HTTPS connection (1): cloudresourcemanager.googleapis.com:443
2024-03-14 10:41:23,828 DEBUG    urllib3.connectionpool https://cloudresourcemanager.googleapis.com:443 "GET /v1beta1/projects HTTP/1.1" 401 None
2024-03-14 10:41:23,837 DEBUG    urllib3.connectionpool Starting new HTTPS connection (1): www.googleapis.com:443
2024-03-14 10:41:24,011 DEBUG    urllib3.connectionpool https://www.googleapis.com:443 "GET /auth/cloud-platform HTTP/1.1" 200 14
2024-03-14 10:41:24,018 DEBUG    urllib3.connectionpool Starting new HTTPS connection (1): dl.google.com:443
2024-03-14 10:41:24,192 DEBUG    urllib3.connectionpool https://dl.google.com:443 "GET /dl/cloudsdk/channels/rapid/components-2.json HTTP/1.1" 200 214446
2024-03-14 10:41:24,360 INFO     ___FILE_ONLY___ Reachability Check passed.

2024-03-14 10:41:24,361 INFO     ___FILE_ONLY___ Network diagnostic passed (1/1 checks passed).


2024-03-14 10:41:28,626 DEBUG    root            Loaded Command Group: ['gcloud', 'auth']
2024-03-14 10:41:28,647 DEBUG    root            Loaded Command Group: ['gcloud', 'auth', 'login']
2024-03-14 10:41:28,648 INFO     root            Executing: [gcloud auth login --force --brief]
2024-03-14 10:41:28,650 DEBUG    root            Running [gcloud.auth.login] with arguments: [--brief: "True", --force: "True"]
2024-03-14 10:41:28,657 DEBUG    requests_oauthlib.oauth2_session Generated new state MExZ666u2pUD4Wfs57XsymR2FME5XQ.
2024-03-14 10:41:28,896 INFO     ___FILE_ONLY___ Your browser has been opened to visit:

    https://accounts.google.com/o/oauth2/auth?response_type=code&client_id=32555940559.apps.googleusercontent.com&redirect_uri=http%3A%2F%2Flocalhost%3A8085%2F&scope=openid+https%3A%2F%2Fwww.googleapis.com%2Fauth%2Fuserinfo.email+https%3A%2F%2Fwww.googleapis.com%2Fauth%2Fcloud-platform+https%3A%2F%2Fwww.googleapis.com%2Fauth%2Fappengine.admin+https%3A%2F%2Fwww.googleapis.com%2Fauth%2Fsqlservice.login+https%3A%2F%2Fwww.googleapis.com%2Fauth%2Fcompute+https%3A%2F%2Fwww.googleapis.com%2Fauth%2Faccounts.reauth&state=MExZ666u2pUD4Wfs57XsymR2FME5XQ&access_type=offline&code_challenge=7hJfTFYgYwiyF9xZ2XTL2j9z3yscLILNotehGakgEPI&code_challenge_method=S256


2024-03-14 10:41:38,334 INFO     google_auth_oauthlib.flow "GET /?state=MExZ666u2pUD4Wfs57XsymR2FME5XQ&code=4/0AeaYSHC3j8VNK8L5uT95sMT0b-mwV0EpUiJ2LXCqY2iPGjQZ3_qXySMDyBYgxYFSESI3UQ&scope=email%20openid%20https://www.googleapis.com/auth/userinfo.email%20https://www.googleapis.com/auth/cloud-platform%20https://www.googleapis.com/auth/appengine.admin%20https://www.googleapis.com/auth/sqlservice.login%20https://www.googleapis.com/auth/compute%20https://www.googleapis.com/auth/accounts.reauth&authuser=0&prompt=consent HTTP/1.1" 200 959
2024-03-14 10:41:38,336 DEBUG    requests_oauthlib.oauth2_session Requesting url https://oauth2.googleapis.com/token using method POST.
2024-03-14 10:41:38,336 DEBUG    requests_oauthlib.oauth2_session Supplying headers {b'Accept': b'application/json', b'Content-Type': b'application/x-www-form-urlencoded;charset=UTF-8', b'user-agent': b'google-cloud-sdk gcloud/467.0.0 command/gcloud.auth.login invocation-id/7e1571a58ca64bd5be4c3751fa834cd4 environment/None environment-version/None client-os/MACOSX client-os-ver/23.2.0 client-pltf-arch/arm interactive/True from-script/False python/3.12.2 term/alacritty (Macintosh; Intel Mac OS X 23.2.0)'} and data {'grant_type': 'authorization_code', 'client_id': '32555940559.apps.googleusercontent.com', 'client_secret': 'ZmssLNjJy2998hD4CTg2ejr2', 'code': '4/0AeaYSHC3j8VNK8L5uT95sMT0b-mwV0EpUiJ2LXCqY2iPGjQZ3_qXySMDyBYgxYFSESI3UQ', 'redirect_uri': 'http://localhost:8085/', 'code_verifier': 'COpCfO7KRzuqQTLaed1uthV6pNxIa21s7Y7DbKj~hYiH40.Q8q7-g5Jo9dfNbZf_Q5niBo6RRhc1yG8.EGJHGu-OnESv7en_j.wr5Wo9xE.WgYSTY1_8JuvpRnkJse5O'}
2024-03-14 10:41:38,336 DEBUG    requests_oauthlib.oauth2_session Passing through key word arguments {'json': None, 'timeout': None, 'auth': None, 'verify': None, 'proxies': None}.
2024-03-14 10:41:38,363 DEBUG    urllib3.connectionpool Starting new HTTPS connection (1): oauth2.googleapis.com:443
2024-03-14 10:41:38,763 DEBUG    urllib3.connectionpool https://oauth2.googleapis.com:443 "POST /token HTTP/1.1" 200 None
2024-03-14 10:41:38,765 DEBUG    requests_oauthlib.oauth2_session Prepared fetch token request body grant_type=authorization_code&client_id=32555940559.apps.googleusercontent.com&client_secret=ZmssLNjJy2998hD4CTg2ejr2&code=4%2F0AeaYSHC3j8VNK8L5uT95sMT0b-mwV0EpUiJ2LXCqY2iPGjQZ3_qXySMDyBYgxYFSESI3UQ&redirect_uri=http%3A%2F%2Flocalhost%3A8085%2F&code_verifier=COpCfO7KRzuqQTLaed1uthV6pNxIa21s7Y7DbKj~hYiH40.Q8q7-g5Jo9dfNbZf_Q5niBo6RRhc1yG8.EGJHGu-OnESv7en_j.wr5Wo9xE.WgYSTY1_8JuvpRnkJse5O
2024-03-14 10:41:38,765 DEBUG    requests_oauthlib.oauth2_session Request to fetch token completed with status 200.
2024-03-14 10:41:38,766 DEBUG    requests_oauthlib.oauth2_session Request headers were {'user-agent': b'google-cloud-sdk gcloud/467.0.0 command/gcloud.auth.login invocation-id/7e1571a58ca64bd5be4c3751fa834cd4 environment/None environment-version/None client-os/MACOSX client-os-ver/23.2.0 client-pltf-arch/arm interactive/True from-script/False python/3.12.2 term/alacritty (Macintosh; Intel Mac OS X 23.2.0)', 'Accept-Encoding': 'gzip, deflate', 'Accept': b'application/json', 'Connection': 'keep-alive', 'Content-Type': b'application/x-www-form-urlencoded;charset=UTF-8', 'Content-Length': '387'}
2024-03-14 10:41:38,766 DEBUG    requests_oauthlib.oauth2_session Request body was grant_type=authorization_code&client_id=32555940559.apps.googleusercontent.com&client_secret=ZmssLNjJy2998hD4CTg2ejr2&code=4%2F0AeaYSHC3j8VNK8L5uT95sMT0b-mwV0EpUiJ2LXCqY2iPGjQZ3_qXySMDyBYgxYFSESI3UQ&redirect_uri=http%3A%2F%2Flocalhost%3A8085%2F&code_verifier=COpCfO7KRzuqQTLaed1uthV6pNxIa21s7Y7DbKj~hYiH40.Q8q7-g5Jo9dfNbZf_Q5niBo6RRhc1yG8.EGJHGu-OnESv7en_j.wr5Wo9xE.WgYSTY1_8JuvpRnkJse5O
2024-03-14 10:41:38,766 DEBUG    requests_oauthlib.oauth2_session Response headers were {'Pragma': 'no-cache', 'Cache-Control': 'no-cache, no-store, max-age=0, must-revalidate', 'Expires': 'Mon, 01 Jan 1990 00:00:00 GMT', 'Date': 'Thu, 14 Mar 2024 13:41:38 GMT', 'Content-Type': 'application/json; charset=utf-8', 'Vary': 'Origin, X-Origin, Referer', 'Content-Encoding': 'gzip', 'Server': 'scaffolding on HTTPServer2', 'X-XSS-Protection': '0', 'X-Frame-Options': 'SAMEORIGIN', 'X-Content-Type-Options': 'nosniff', 'Alt-Svc': 'h3=":443"; ma=2592000,h3-29=":443"; ma=2592000', 'Transfer-Encoding': 'chunked'} and content {
  "access_token": "ya29.a0Ad52N38pBnN4Ig7oDcbUgpcC42eGeg-FxyOvrpQOodAcUfdUwKAbElTrX03-WgmfY2ITXFtF6b05EcZ3OTELFvxWhUDMKDCjMOHNkIEmq5P9bYST28ze-bnDtdOE-OD1UK-5lGjj_fP4x9NZCqRH6O50GT2z15SwxkX669MdOQaCgYKAYgSARISFQHGX2Mi38m-DSGdqXgRuskPTkeSWQ0177",
  "expires_in": 3599,
  "refresh_token": "1//0hCqmQnRWimaGCgYIARAAGBESNwF-L9Ir42FGXc_Vqu0hhKhDl_RohGaYJkyIECcF4MvoMgoXV_6MdnYCGBCV-WbyPULg-q4Z-UI",
  "scope": "https://www.googleapis.com/auth/accounts.reauth https://www.googleapis.com/auth/userinfo.email https://www.googleapis.com/auth/appengine.admin https://www.googleapis.com/auth/cloud-platform https://www.googleapis.com/auth/sqlservice.login openid https://www.googleapis.com/auth/compute",
  "token_type": "Bearer",
  "id_token": "eyJhbGciOiJSUzI1NiIsImtpZCI6IjA4YmY1YzM3NzJkZDRlN2E3MjdhMTAxYmY1MjBmNjU3NWNhYzMyNmYiLCJ0eXAiOiJKV1QifQ.eyJpc3MiOiJodHRwczovL2FjY291bnRzLmdvb2dsZS5jb20iLCJhenAiOiIzMjU1NTk0MDU1OS5hcHBzLmdvb2dsZXVzZXJjb250ZW50LmNvbSIsImF1ZCI6IjMyNTU1OTQwNTU5LmFwcHMuZ29vZ2xldXNlcmNvbnRlbnQuY29tIiwic3ViIjoiMTE1MDAxOTU2MDMyMDM0MDgzNjcyIiwiZW1haWwiOiJ0YXJkYW5vaXJAZ21haWwuY29tIiwiZW1haWxfdmVyaWZpZWQiOnRydWUsImF0X2hhc2giOiJ4LTdBSnFKdGllWktySWxfd3FaVDdBIiwiaWF0IjoxNzEwNDIzNjk4LCJleHAiOjE3MTA0MjcyOTh9.VPpHLmdrsSNR-sOSJnRromShpAmpTDCnVnbYg5gVovitQIPqTmw1lJht6aquIj-KIWLE7sNE6BQHtV42N8aKP8FndDTZWlogTNiu8Xp2hgum-16Q2Tcn_RNaauUu7ko6igxRTzuVT48mbYIbd6CmTAu24XBKwkzHg-tdxIwu9NJdjei9woWjgXBB3j3QSKTfnJz0Mofqt6PVcn2SHe0znxMKIdR-QGVUWXC8HHEO0vz0Q1u_V4gInOVNH8YEGq-rbGi2madMrDM9KxW5W3GzyUoReKOZ6MPkX-Vt5cMRrbJ6JdugjHUElBpAm2woZn9SSQ1W86_Wm77Nqjf_H6wJcA"
}.
2024-03-14 10:41:38,767 DEBUG    requests_oauthlib.oauth2_session Invoking 0 token response hooks.
2024-03-14 10:41:38,767 DEBUG    requests_oauthlib.oauth2_session Obtained token {'access_token': 'ya29.a0Ad52N38pBnN4Ig7oDcbUgpcC42eGeg-FxyOvrpQOodAcUfdUwKAbElTrX03-WgmfY2ITXFtF6b05EcZ3OTELFvxWhUDMKDCjMOHNkIEmq5P9bYST28ze-bnDtdOE-OD1UK-5lGjj_fP4x9NZCqRH6O50GT2z15SwxkX669MdOQaCgYKAYgSARISFQHGX2Mi38m-DSGdqXgRuskPTkeSWQ0177', 'expires_in': 3599, 'refresh_token': '1//0hCqmQnRWimaGCgYIARAAGBESNwF-L9Ir42FGXc_Vqu0hhKhDl_RohGaYJkyIECcF4MvoMgoXV_6MdnYCGBCV-WbyPULg-q4Z-UI', 'scope': ['https://www.googleapis.com/auth/accounts.reauth', 'https://www.googleapis.com/auth/userinfo.email', 'https://www.googleapis.com/auth/appengine.admin', 'https://www.googleapis.com/auth/cloud-platform', 'https://www.googleapis.com/auth/sqlservice.login', 'openid', 'https://www.googleapis.com/auth/compute'], 'token_type': 'Bearer', 'id_token': 'eyJhbGciOiJSUzI1NiIsImtpZCI6IjA4YmY1YzM3NzJkZDRlN2E3MjdhMTAxYmY1MjBmNjU3NWNhYzMyNmYiLCJ0eXAiOiJKV1QifQ.eyJpc3MiOiJodHRwczovL2FjY291bnRzLmdvb2dsZS5jb20iLCJhenAiOiIzMjU1NTk0MDU1OS5hcHBzLmdvb2dsZXVzZXJjb250ZW50LmNvbSIsImF1ZCI6IjMyNTU1OTQwNTU5LmFwcHMuZ29vZ2xldXNlcmNvbnRlbnQuY29tIiwic3ViIjoiMTE1MDAxOTU2MDMyMDM0MDgzNjcyIiwiZW1haWwiOiJ0YXJkYW5vaXJAZ21haWwuY29tIiwiZW1haWxfdmVyaWZpZWQiOnRydWUsImF0X2hhc2giOiJ4LTdBSnFKdGllWktySWxfd3FaVDdBIiwiaWF0IjoxNzEwNDIzNjk4LCJleHAiOjE3MTA0MjcyOTh9.VPpHLmdrsSNR-sOSJnRromShpAmpTDCnVnbYg5gVovitQIPqTmw1lJht6aquIj-KIWLE7sNE6BQHtV42N8aKP8FndDTZWlogTNiu8Xp2hgum-16Q2Tcn_RNaauUu7ko6igxRTzuVT48mbYIbd6CmTAu24XBKwkzHg-tdxIwu9NJdjei9woWjgXBB3j3QSKTfnJz0Mofqt6PVcn2SHe0znxMKIdR-QGVUWXC8HHEO0vz0Q1u_V4gInOVNH8YEGq-rbGi2madMrDM9KxW5W3GzyUoReKOZ6MPkX-Vt5cMRrbJ6JdugjHUElBpAm2woZn9SSQ1W86_Wm77Nqjf_H6wJcA', 'expires_at': 1710427297.767416}.
2024-03-14 10:41:38,784 DEBUG    root            Chosen display Format:none
2024-03-14 10:41:38,784 INFO     root            Display format: "none"
2024-03-14 10:41:38,787 DEBUG    root            Checking for updates...
2024-03-14 10:41:38,809 DEBUG    urllib3.connectionpool Starting new HTTPS connection (1): dl.google.com:443
2024-03-14 10:41:39,030 DEBUG    urllib3.connectionpool https://dl.google.com:443 "GET /dl/cloudsdk/channels/rapid/components-2.json HTTP/1.1" 200 214446
2024-03-14 10:41:39,096 DEBUG    root            Updating notification cache...
2024-03-14 10:41:39,096 DEBUG    root            Activating notification: [default]
2024-03-14 10:41:39,097 INFO     ___FILE_ONLY___ 

Updates are available for some Google Cloud CLI components.  To install them,
please run:
  $ gcloud components update


2024-03-14 10:41:39,102 INFO     ___FILE_ONLY___ You are logged in as: [tardanoir@gmail.com].


2024-03-14 10:41:39,156 DEBUG    urllib3.connectionpool Starting new HTTPS connection (1): cloudresourcemanager.googleapis.com:443
2024-03-14 10:41:40,108 DEBUG    urllib3.connectionpool https://cloudresourcemanager.googleapis.com:443 "GET /v1/projects?alt=json&filter=lifecycleState%3AACTIVE&pageSize=201 HTTP/1.1" 200 None
2024-03-14 10:42:31,592 DEBUG    urllib3.connectionpool Starting new HTTPS connection (1): cloudresourcemanager.googleapis.com:443
2024-03-14 10:42:32,507 DEBUG    urllib3.connectionpool https://cloudresourcemanager.googleapis.com:443 "POST /v1/projects?alt=json HTTP/1.1" 409 None
2024-03-14 10:42:32,512 WARNING  root            Project creation failed: HttpError accessing <https://cloudresourcemanager.googleapis.com/v1/projects?alt=json>: response: <{'vary': 'Origin, X-Origin, Referer', 'content-type': 'application/json; charset=UTF-8', 'content-encoding': 'gzip', 'date': 'Thu, 14 Mar 2024 13:42:32 GMT', 'server': 'ESF', 'cache-control': 'private', 'x-xss-protection': '0', 'x-frame-options': 'SAMEORIGIN', 'x-content-type-options': 'nosniff', 'server-timing': 'gfet4t7; dur=775', 'alt-svc': 'h3=":443"; ma=2592000,h3-29=":443"; ma=2592000', 'transfer-encoding': 'chunked', 'status': 409}>, content <{
  "error": {
    "code": 409,
    "message": "Requested entity already exists",
    "status": "ALREADY_EXISTS"
  }
}
>
Please make sure to create the project [agromai] using
    $ gcloud projects create agromai
or change to another project using
    $ gcloud config set project <PROJECT ID>
2024-03-14 10:42:32,513 DEBUG    root            Chosen display Format:default
2024-03-14 10:42:32,516 INFO     root            Display format: "default"
2024-03-14 10:42:32,527 DEBUG    root            Metrics reporting process started...
